<?xml version="1.0" encoding="UTF-8"?>
<!-- Generated by org.testng.reporters.JUnitReportReporter -->
<testsuite skipped="0" hostname="LAPTOP-Q14IUQ83" name="com.crm.qa.testcases.AmazonHomePageTest" tests="2" failures="0" timestamp="22 Sep 2020 11:38:05 GMT" time="104.510" errors="0">
  <testcase name="verifyFooterTest" time="77.041" classname="com.crm.qa.testcases.AmazonHomePageTest"/>
  <testcase name="searchproductTest" time="27.469" classname="com.crm.qa.testcases.AmazonHomePageTest"/>
</testsuite> <!-- com.crm.qa.testcases.AmazonHomePageTest -->
